<?xml version="1.0" encoding="UTF-8"?>
<!-- Generated by org.testng.reporters.JUnitReportReporter -->
<testsuite skipped="0" hostname="DESKTOP-PGBPAJ1" name="com.whitebox.qa.testcases.LoginPageTest" tests="2" failures="0" timestamp="25 Mar 2019 23:55:33 GMT" time="50.722" errors="0">
  <testcase name="loginPageTitleTest" time="9.926" classname="com.whitebox.qa.testcases.LoginPageTest"/>
  <testcase name="loginTest" time="40.796" classname="com.whitebox.qa.testcases.LoginPageTest"/>
</testsuite> <!-- com.whitebox.qa.testcases.LoginPageTest -->
